c:\users\administrator\desktop\nh4080.12.2\nanhao\debug\nanhao__main.obj
c:\users\administrator\desktop\nh4080.12.2\nanhao\debug\scanxprlib.obj
c:\users\administrator\desktop\nh4080.12.2\nanhao\debug\nanhao_main_votes.obj
c:\users\administrator\desktop\nh4080.12.2\nanhao\debug\nanhao_main_candidates.obj
c:\users\administrator\desktop\nh4080.12.2\nanhao\debug\nanhao.obj
c:\users\administrator\desktop\nh4080.12.2\nanhao\debug\nanhao_main_statistics.obj
c:\users\administrator\desktop\nh4080.12.2\nanhao\debug\main.obj
c:\users\administrator\desktop\nh4080.12.2\nanhao\debug\vc140.pdb
c:\users\administrator\desktop\nh4080.12.2\nanhao\debug\moc_nanhao_main_candidates.obj
c:\users\administrator\desktop\nh4080.12.2\nanhao\debug\moc_nanhao_main_votes.obj
c:\users\administrator\desktop\nh4080.12.2\nanhao\debug\moc_nanhao__main.obj
c:\users\administrator\desktop\nh4080.12.2\nanhao\debug\moc_nanhao_main_statistics.obj
c:\users\administrator\desktop\nh4080.12.2\nanhao\debug\moc_nanhao.obj
c:\users\administrator\desktop\nh4080.12.2\nanhao\debug\qrc_nanhao.obj
c:\users\administrator\desktop\nh4080.12.2\debug\nanhao.ilk
c:\users\administrator\desktop\nh4080.12.2\debug\nanhao.exe
c:\users\administrator\desktop\nh4080.12.2\debug\nanhao.pdb
c:\users\administrator\desktop\nh4080.12.2\nanhao\debug\moc\moc_nanhao.cpp
c:\users\administrator\desktop\nh4080.12.2\nanhao\debug\moc\moc_nanhao__main.cpp
c:\users\administrator\desktop\nh4080.12.2\nanhao\debug\moc\moc_nanhao_main_candidates.cpp
c:\users\administrator\desktop\nh4080.12.2\nanhao\debug\moc\moc_nanhao_main_votes.cpp
c:\users\administrator\desktop\nh4080.12.2\nanhao\debug\moc\moc_nanhao_main_statistics.cpp
c:\users\administrator\desktop\nh4080.12.2\nanhao\debug\uic\ui_nanhao.h
c:\users\administrator\desktop\nh4080.12.2\nanhao\debug\uic\ui_nanhao_main_candidates.h
c:\users\administrator\desktop\nh4080.12.2\nanhao\debug\uic\ui_nanhao_main_statistics.h
c:\users\administrator\desktop\nh4080.12.2\nanhao\debug\uic\ui_nanhao_main_votes.h
c:\users\administrator\desktop\nh4080.12.2\nanhao\debug\uic\ui_nanhao__main.h
c:\users\administrator\desktop\nh4080.12.2\nanhao\debug\rcc\qrc_nanhao.cpp
c:\users\administrator\desktop\nh4080.12.2\nanhao\debug\nanhao.tlog\cl.command.1.tlog
c:\users\administrator\desktop\nh4080.12.2\nanhao\debug\nanhao.tlog\cl.read.1.tlog
c:\users\administrator\desktop\nh4080.12.2\nanhao\debug\nanhao.tlog\cl.write.1.tlog
c:\users\administrator\desktop\nh4080.12.2\nanhao\debug\nanhao.tlog\link.command.1.tlog
c:\users\administrator\desktop\nh4080.12.2\nanhao\debug\nanhao.tlog\link.read.1.tlog
c:\users\administrator\desktop\nh4080.12.2\nanhao\debug\nanhao.tlog\link.write.1.tlog
c:\users\administrator\desktop\nh4080.12.2\nanhao\debug\nanhao.tlog\moc.read.1u.tlog
c:\users\administrator\desktop\nh4080.12.2\nanhao\debug\nanhao.tlog\moc.write.1u.tlog
c:\users\administrator\desktop\nh4080.12.2\nanhao\debug\nanhao.tlog\nanhao.write.1u.tlog
c:\users\administrator\desktop\nh4080.12.2\nanhao\debug\nanhao.tlog\rcc.read.1u.tlog
c:\users\administrator\desktop\nh4080.12.2\nanhao\debug\nanhao.tlog\rcc.write.1u.tlog
c:\users\administrator\desktop\nh4080.12.2\nanhao\debug\nanhao.tlog\uic.read.1u.tlog
c:\users\administrator\desktop\nh4080.12.2\nanhao\debug\nanhao.tlog\uic.write.1u.tlog
