c:\users\administrator\desktop\nh4160-r-10.15\nanhao\release\qrc_nanhao.obj
c:\users\administrator\desktop\nh4160-r-10.15\nanhao\release\moc_nanhao__main.obj
c:\users\administrator\desktop\nh4160-r-10.15\nanhao\release\moc_nanhao_main_candidates.obj
c:\users\administrator\desktop\nh4160-r-10.15\nanhao\release\moc_nanhao_main_votes.obj
c:\users\administrator\desktop\nh4160-r-10.15\nanhao\release\moc_nanhao.obj
c:\users\administrator\desktop\nh4160-r-10.15\nanhao\release\moc_nanhao_main_statistics.obj
c:\users\administrator\desktop\nh4160-r-10.15\nanhao\release\nanhao_main_statistics.obj
c:\users\administrator\desktop\nh4160-r-10.15\nanhao\release\scanxprlib.obj
c:\users\administrator\desktop\nh4160-r-10.15\nanhao\release\nanhao__main.obj
c:\users\administrator\desktop\nh4160-r-10.15\nanhao\release\nanhao.obj
c:\users\administrator\desktop\nh4160-r-10.15\nanhao\release\main.obj
c:\users\administrator\desktop\nh4160-r-10.15\nanhao\release\nanhao_main_candidates.obj
c:\users\administrator\desktop\nh4160-r-10.15\nanhao\release\nanhao_main_votes.obj
c:\users\administrator\desktop\nh4160-r-10.15\release\nanhao.exe
c:\users\administrator\desktop\nh4160-r-10.15\nanhao\release\moc\moc_nanhao.cpp
c:\users\administrator\desktop\nh4160-r-10.15\nanhao\release\moc\moc_nanhao__main.cpp
c:\users\administrator\desktop\nh4160-r-10.15\nanhao\release\moc\moc_nanhao_main_candidates.cpp
c:\users\administrator\desktop\nh4160-r-10.15\nanhao\release\moc\moc_nanhao_main_votes.cpp
c:\users\administrator\desktop\nh4160-r-10.15\nanhao\release\moc\moc_nanhao_main_statistics.cpp
c:\users\administrator\desktop\nh4160-r-10.15\nanhao\release\uic\ui_nanhao.h
c:\users\administrator\desktop\nh4160-r-10.15\nanhao\release\uic\ui_nanhao_main_candidates.h
c:\users\administrator\desktop\nh4160-r-10.15\nanhao\release\uic\ui_nanhao_main_statistics.h
c:\users\administrator\desktop\nh4160-r-10.15\nanhao\release\uic\ui_nanhao_main_votes.h
c:\users\administrator\desktop\nh4160-r-10.15\nanhao\release\uic\ui_nanhao__main.h
c:\users\administrator\desktop\nh4160-r-10.15\nanhao\release\rcc\qrc_nanhao.cpp
c:\users\administrator\desktop\nh4160-r-10.15\nanhao\release\nanhao.tlog\cl.command.1.tlog
c:\users\administrator\desktop\nh4160-r-10.15\nanhao\release\nanhao.tlog\cl.read.1.tlog
c:\users\administrator\desktop\nh4160-r-10.15\nanhao\release\nanhao.tlog\cl.write.1.tlog
c:\users\administrator\desktop\nh4160-r-10.15\nanhao\release\nanhao.tlog\link.command.1.tlog
c:\users\administrator\desktop\nh4160-r-10.15\nanhao\release\nanhao.tlog\link.read.1.tlog
c:\users\administrator\desktop\nh4160-r-10.15\nanhao\release\nanhao.tlog\link.write.1.tlog
c:\users\administrator\desktop\nh4160-r-10.15\nanhao\release\nanhao.tlog\moc.read.1u.tlog
c:\users\administrator\desktop\nh4160-r-10.15\nanhao\release\nanhao.tlog\moc.write.1u.tlog
c:\users\administrator\desktop\nh4160-r-10.15\nanhao\release\nanhao.tlog\nanhao.write.1u.tlog
c:\users\administrator\desktop\nh4160-r-10.15\nanhao\release\nanhao.tlog\rcc.read.1u.tlog
c:\users\administrator\desktop\nh4160-r-10.15\nanhao\release\nanhao.tlog\rcc.write.1u.tlog
c:\users\administrator\desktop\nh4160-r-10.15\nanhao\release\nanhao.tlog\uic.read.1u.tlog
c:\users\administrator\desktop\nh4160-r-10.15\nanhao\release\nanhao.tlog\uic.write.1u.tlog
